Running from: C:\Users\Bryon\AppData\Roaming\SpaceEngineers\Mods\ArmorSlabsnSticks\Models\Cubes\ 
Command: D:\SEUT\MWMB\MwmBuilder.exe /f /s:C:\Users\Bryon\AppData\Roaming\SpaceEngineers\Mods\ArmorSlabsnSticks\Models\Cubes\ /m:3x3x1HeavyArmor*.fbx /o:C:\Users\Bryon\AppData\Roaming\SpaceEngineers\Mods\ArmorSlabsnSticks\Models\Cubes\ /x:D:\SEUT\Materials\ 
D:\SEUT\Materials\Armors.xml: 
    Materialslib
D:\SEUT\Materials\Character.xml: 
    Materialslib
D:\SEUT\Materials\CustomMaterials.xml: 
    Materialslib
D:\SEUT\Materials\Foliage.xml: 
    Materialslib
D:\SEUT\Materials\Items.xml: 
    Materialslib
D:\SEUT\Materials\Materials.xml: 
    Materialslib
Material Libraries: 
    Material libraries were successfully loaded from path: D:\SEUT\Materials\
Meshes: 
    Found 1 meshe(s).
Animations: 
    Found 0 animation(s).
C:\Users\Bryon\AppData\Roaming\SpaceEngineers\Mods\ArmorSlabsnSticks\Models\Cubes\3x3x1HeavyArmor_BS1.fbx: WARNING: 
    Texture Textures\Models\Cubes\Chrome_cm.dds does not exists!
C:\Users\Bryon\AppData\Roaming\SpaceEngineers\Mods\ArmorSlabsnSticks\Models\Cubes\3x3x1HeavyArmor_BS1.fbx: WARNING: 
    Texture Textures\Models\Cubes\Chrome_ng.dds does not exists!
C:\Users\Bryon\AppData\Roaming\SpaceEngineers\Mods\ArmorSlabsnSticks\Models\Cubes\3x3x1HeavyArmor_BS1.fbx: 
    : Finished in 0.2s
Meshes: 
    Found 1 meshe(s).
Animations: 
    Found 0 animation(s).
C:\Users\Bryon\AppData\Roaming\SpaceEngineers\Mods\ArmorSlabsnSticks\Models\Cubes\3x3x1HeavyArmor.fbx: WARNING: 
    Texture Textures\Models\Cubes\armor\large_heavy_square_plate_cm.dds does not exists!
C:\Users\Bryon\AppData\Roaming\SpaceEngineers\Mods\ArmorSlabsnSticks\Models\Cubes\3x3x1HeavyArmor.fbx: WARNING: 
    Texture Textures\Models\Cubes\armor\large_heavy_square_plate_ng.dds does not exists!
C:\Users\Bryon\AppData\Roaming\SpaceEngineers\Mods\ArmorSlabsnSticks\Models\Cubes\3x3x1HeavyArmor.fbx: WARNING: 
    Texture Textures\Models\Cubes\armor\large_heavy_square_plate_add.dds does not exists!
C:\Users\Bryon\AppData\Roaming\SpaceEngineers\Mods\ArmorSlabsnSticks\Models\Cubes\3x3x1HeavyArmor.fbx: 
    : Finished in 0.2s
